  CameraManager.cpp
  DirectionalLight.cpp
  ERenderer.cpp
  ETimer.cpp
  Light.cpp
  main.cpp
  Material.cpp
  MaterialManager.cpp
  Material_CookTorrenceBRDF.cpp
  Material_Lambert.cpp
  Material_LambertPhong.cpp
  Mesh.cpp
  Object.cpp
  ObjParser.cpp
  PerspectiveCamera.cpp
  Plane.cpp
  PointLight.cpp
  SceneGraph.cpp
  SceneGraphManager.cpp
  Sphere.cpp
  Compiling...
  Triangle.cpp
  Generating code
  Previous IPDB not found, fall back to full compilation.
  All 803 functions were compiled because no usable IPDB/IOBJ from previous compilation was found.
  Finished generating code
  RayTracer.vcxproj -> C:\Users\joren\Documents\GitHub\RayTracer\bin\Release\RayTracer.exe
  C:\Users\joren\Documents\GitHub\RayTracer\raytracer\..\lib\sdl2-2.0.9\x64\SDL2.dll
  1 File(s) copied
  C:\Users\joren\Documents\GitHub\RayTracer\raytracer\..\lib\vld\x64\vld_x64.dll
  1 File(s) copied
  C:\Users\joren\Documents\GitHub\RayTracer\raytracer\..\lib\vld\x64\dbghelp.dll
  1 File(s) copied
  C:\Users\joren\Documents\GitHub\RayTracer\raytracer\..\lib\vld\x64\Microsoft.DTfW.DHL.manifest
  1 File(s) copied
